# JRE version: Java(TM) SE Runtime Environment (8.0_161-b12) (build 1.8.0_161-b12)
# Java VM: Java HotSpot(TM) 64-Bit Server VM (25.161-b12 mixed mode linux-amd64 compressed oops)
Heap:
 PSYoungGen      total 485888K, used 0K [0x00000000d5580000, 0x0000000100000000, 0x0000000100000000)
  eden space 318976K, 0% used [0x00000000d5580000,0x00000000d5580000,0x00000000e8d00000)
  from space 166912K, 0% used [0x00000000f5d00000,0x00000000f5d00000,0x0000000100000000)
  to   space 189952K, 0% used [0x00000000e8d00000,0x00000000e8d00000,0x00000000f4680000)
 ParOldGen       total 572416K, used 479794K [0x0000000080000000, 0x00000000a2f00000, 0x00000000d5580000)
  object space 572416K, 83% used [0x0000000080000000,0x000000009d48ca70,0x00000000a2f00000)
 Metaspace       used 89167K, capacity 91578K, committed 91776K, reserved 1128448K
  class space    used 11495K, capacity 12038K, committed 12160K, reserved 1048576K
GC Heap History (10 events):
Event: 29.714 GC heap after
Heap after GC invocations=33 (full 8):
 PSYoungGen      total 579584K, used 119292K [0x00000000d5580000, 0x0000000100000000, 0x0000000100000000)
  eden space 460288K, 0% used [0x00000000d5580000,0x00000000d5580000,0x00000000f1700000)
  from space 119296K, 99% used [0x00000000f1700000,0x00000000f8b7f378,0x00000000f8b80000)
  to   space 119296K, 0% used [0x00000000f8b80000,0x00000000f8b80000,0x0000000100000000)
 ParOldGen       total 384000K, used 323187K [0x0000000080000000, 0x0000000097700000, 0x00000000d5580000)
  object space 384000K, 84% used [0x0000000080000000,0x0000000093b9cfc0,0x0000000097700000)
 Metaspace       used 89156K, capacity 91578K, committed 91776K, reserved 1128448K
  class space    used 11494K, capacity 12038K, committed 12160K, reserved 1048576K
}
Event: 29.714 GC heap before
{Heap before GC invocations=34 (full 9):
 PSYoungGen      total 579584K, used 119292K [0x00000000d5580000, 0x0000000100000000, 0x0000000100000000)
  eden space 460288K, 0% used [0x00000000d5580000,0x00000000d5580000,0x00000000f1700000)
  from space 119296K, 99% used [0x00000000f1700000,0x00000000f8b7f378,0x00000000f8b80000)
  to   space 119296K, 0% used [0x00000000f8b80000,0x00000000f8b80000,0x0000000100000000)
 ParOldGen       total 384000K, used 323187K [0x0000000080000000, 0x0000000097700000, 0x00000000d5580000)
  object space 384000K, 84% used [0x0000000080000000,0x0000000093b9cfc0,0x0000000097700000)
 Metaspace       used 89156K, capacity 91578K, committed 91776K, reserved 1128448K
  class space    used 11494K, capacity 12038K, committed 12160K, reserved 1048576K
Event: 31.424 GC heap after
Heap after GC invocations=34 (full 9):
 PSYoungGen      total 579584K, used 54117K [0x00000000d5580000, 0x0000000100000000, 0x0000000100000000)
  eden space 460288K, 0% used [0x00000000d5580000,0x00000000d5580000,0x00000000f1700000)
  from space 119296K, 45% used [0x00000000f1700000,0x00000000f4bd9778,0x00000000f8b80000)
  to   space 119296K, 0% used [0x00000000f8b80000,0x00000000f8b80000,0x0000000100000000)
 ParOldGen       total 572416K, used 383755K [0x0000000080000000, 0x00000000a2f00000, 0x00000000d5580000)
  object space 572416K, 67% used [0x0000000080000000,0x00000000976c2ec8,0x00000000a2f00000)
 Metaspace       used 89156K, capacity 91578K, committed 91776K, reserved 1128448K
  class space    used 11494K, capacity 12038K, committed 12160K, reserved 1048576K
}
Event: 31.961 GC heap before
{Heap before GC invocations=35 (full 9):
 PSYoungGen      total 579584K, used 514405K [0x00000000d5580000, 0x0000000100000000, 0x0000000100000000)
  eden space 460288K, 100% used [0x00000000d5580000,0x00000000f1700000,0x00000000f1700000)
  from space 119296K, 45% used [0x00000000f1700000,0x00000000f4bd9778,0x00000000f8b80000)
  to   space 119296K, 0% used [0x00000000f8b80000,0x00000000f8b80000,0x0000000100000000)
 ParOldGen       total 572416K, used 383755K [0x0000000080000000, 0x00000000a2f00000, 0x00000000d5580000)
  object space 572416K, 67% used [0x0000000080000000,0x00000000976c2ec8,0x00000000a2f00000)
 Metaspace       used 89165K, capacity 91578K, committed 91776K, reserved 1128448K
  class space    used 11495K, capacity 12038K, committed 12160K, reserved 1048576K
Event: 32.447 GC heap after
Heap after GC invocations=35 (full 9):
 PSYoungGen      total 484352K, used 90664K [0x00000000d5580000, 0x0000000100000000, 0x0000000100000000)
  eden space 365056K, 0% used [0x00000000d5580000,0x00000000d5580000,0x00000000eba00000)
  from space 119296K, 75% used [0x00000000f8b80000,0x00000000fe40a0e0,0x0000000100000000)
  to   space 166912K, 0% used [0x00000000eba00000,0x00000000eba00000,0x00000000f5d00000)
 ParOldGen       total 572416K, used 438390K [0x0000000080000000, 0x00000000a2f00000, 0x00000000d5580000)
  object space 572416K, 76% used [0x0000000080000000,0x000000009ac1da80,0x00000000a2f00000)
 Metaspace       used 89165K, capacity 91578K, committed 91776K, reserved 1128448K
  class space    used 11495K, capacity 12038K, committed 12160K, reserved 1048576K
}
Event: 33.967 GC heap before
{Heap before GC invocations=36 (full 9):
 PSYoungGen      total 484352K, used 455720K [0x00000000d5580000, 0x0000000100000000, 0x0000000100000000)
  eden space 365056K, 100% used [0x00000000d5580000,0x00000000eba00000,0x00000000eba00000)
  from space 119296K, 75% used [0x00000000f8b80000,0x00000000fe40a0e0,0x0000000100000000)
  to   space 166912K, 0% used [0x00000000eba00000,0x00000000eba00000,0x00000000f5d00000)
 ParOldGen       total 572416K, used 438390K [0x0000000080000000, 0x00000000a2f00000, 0x00000000d5580000)
  object space 572416K, 76% used [0x0000000080000000,0x000000009ac1da80,0x00000000a2f00000)
 Metaspace       used 89167K, capacity 91578K, committed 91776K, reserved 1128448K
  class space    used 11495K, capacity 12038K, committed 12160K, reserved 1048576K
Event: 34.064 GC heap after
Heap after GC invocations=36 (full 9):
 PSYoungGen      total 531968K, used 166898K [0x00000000d5580000, 0x0000000100000000, 0x0000000100000000)
  eden space 365056K, 0% used [0x00000000d5580000,0x00000000d5580000,0x00000000eba00000)
  from space 166912K, 99% used [0x00000000eba00000,0x00000000f5cfc990,0x00000000f5d00000)
  to   space 166912K, 0% used [0x00000000f5d00000,0x00000000f5d00000,0x0000000100000000)
 ParOldGen       total 572416K, used 450153K [0x0000000080000000, 0x00000000a2f00000, 0x00000000d5580000)
  object space 572416K, 78% used [0x0000000080000000,0x000000009b79a578,0x00000000a2f00000)
 Metaspace       used 89167K, capacity 91578K, committed 91776K, reserved 1128448K
  class space    used 11495K, capacity 12038K, committed 12160K, reserved 1048576K
}
Event: 35.155 GC heap before
{Heap before GC invocations=37 (full 9):
 PSYoungGen      total 531968K, used 531954K [0x00000000d5580000, 0x0000000100000000, 0x0000000100000000)
  eden space 365056K, 100% used [0x00000000d5580000,0x00000000eba00000,0x00000000eba00000)
  from space 166912K, 99% used [0x00000000eba00000,0x00000000f5cfc990,0x00000000f5d00000)
  to   space 166912K, 0% used [0x00000000f5d00000,0x00000000f5d00000,0x0000000100000000)
 ParOldGen       total 572416K, used 450153K [0x0000000080000000, 0x00000000a2f00000, 0x00000000d5580000)
  object space 572416K, 78% used [0x0000000080000000,0x000000009b79a578,0x00000000a2f00000)
 Metaspace       used 89167K, capacity 91578K, committed 91776K, reserved 1128448K
  class space    used 11495K, capacity 12038K, committed 12160K, reserved 1048576K
Event: 35.948 GC heap after
Heap after GC invocations=37 (full 9):
 PSYoungGen      total 485888K, used 57102K [0x00000000d5580000, 0x0000000100000000, 0x0000000100000000)
  eden space 318976K, 0% used [0x00000000d5580000,0x00000000d5580000,0x00000000e8d00000)
  from space 166912K, 34% used [0x00000000f5d00000,0x00000000f94c3aa0,0x0000000100000000)
  to   space 189952K, 0% used [0x00000000e8d00000,0x00000000e8d00000,0x00000000f4680000)
 ParOldGen       total 572416K, used 564829K [0x0000000080000000, 0x00000000a2f00000, 0x00000000d5580000)
  object space 572416K, 98% used [0x0000000080000000,0x00000000a2797610,0x00000000a2f00000)
 Metaspace       used 89167K, capacity 91578K, committed 91776K, reserved 1128448K
  class space    used 11495K, capacity 12038K, committed 12160K, reserved 1048576K
}
Event: 35.949 GC heap before
{Heap before GC invocations=38 (full 10):
 PSYoungGen      total 485888K, used 57102K [0x00000000d5580000, 0x0000000100000000, 0x0000000100000000)
  eden space 318976K, 0% used [0x00000000d5580000,0x00000000d5580000,0x00000000e8d00000)
  from space 166912K, 34% used [0x00000000f5d00000,0x00000000f94c3aa0,0x0000000100000000)
  to   space 189952K, 0% used [0x00000000e8d00000,0x00000000e8d00000,0x00000000f4680000)
 ParOldGen       total 572416K, used 564829K [0x0000000080000000, 0x00000000a2f00000, 0x00000000d5580000)
  object space 572416K, 98% used [0x0000000080000000,0x00000000a2797610,0x00000000a2f00000)
 Metaspace       used 89167K, capacity 91578K, committed 91776K, reserved 1128448K
  class space    used 11495K, capacity 12038K, committed 12160K, reserved 1048576K

