# JRE version: Java(TM) SE Runtime Environment (8.0_161-b12) (build 1.8.0_161-b12)
# Java VM: Java HotSpot(TM) 64-Bit Server VM (25.161-b12 mixed mode linux-amd64 compressed oops)
Heap:
 PSYoungGen      total 364544K, used 0K [0x00000000d5580000, 0x0000000100000000, 0x0000000100000000)
  eden space 232960K, 0% used [0x00000000d5580000,0x00000000d5580000,0x00000000e3900000)
  from space 131584K, 0% used [0x00000000f7f80000,0x00000000f7f80000,0x0000000100000000)
  to   space 232960K, 0% used [0x00000000e3900000,0x00000000e3900000,0x00000000f1c80000)
 ParOldGen       total 632832K, used 567820K [0x0000000080000000, 0x00000000a6a00000, 0x00000000d5580000)
  object space 632832K, 89% used [0x0000000080000000,0x00000000a2a83128,0x00000000a6a00000)
 Metaspace       used 96596K, capacity 99464K, committed 99712K, reserved 1136640K
  class space    used 12219K, capacity 12868K, committed 12928K, reserved 1048576K
GC Heap History (10 events):
Event: 72.623 GC heap after
Heap after GC invocations=29 (full 6):
 PSYoungGen      total 587264K, used 71203K [0x00000000d5580000, 0x0000000100000000, 0x0000000100000000)
  eden space 515584K, 0% used [0x00000000d5580000,0x00000000d5580000,0x00000000f4d00000)
  from space 71680K, 99% used [0x00000000f4d00000,0x00000000f9288e38,0x00000000f9300000)
  to   space 98816K, 0% used [0x00000000f9f80000,0x00000000f9f80000,0x0000000100000000)
 ParOldGen       total 365056K, used 254544K [0x0000000080000000, 0x0000000096480000, 0x00000000d5580000)
  object space 365056K, 69% used [0x0000000080000000,0x000000008f894090,0x0000000096480000)
 Metaspace       used 96582K, capacity 99400K, committed 99712K, reserved 1136640K
  class space    used 12218K, capacity 12868K, committed 12928K, reserved 1048576K
}
Event: 74.075 GC heap before
{Heap before GC invocations=30 (full 6):
 PSYoungGen      total 587264K, used 586787K [0x00000000d5580000, 0x0000000100000000, 0x0000000100000000)
  eden space 515584K, 100% used [0x00000000d5580000,0x00000000f4d00000,0x00000000f4d00000)
  from space 71680K, 99% used [0x00000000f4d00000,0x00000000f9288e38,0x00000000f9300000)
  to   space 98816K, 0% used [0x00000000f9f80000,0x00000000f9f80000,0x0000000100000000)
 ParOldGen       total 365056K, used 254544K [0x0000000080000000, 0x0000000096480000, 0x00000000d5580000)
  object space 365056K, 69% used [0x0000000080000000,0x000000008f894090,0x0000000096480000)
 Metaspace       used 96595K, capacity 99464K, committed 99712K, reserved 1136640K
  class space    used 12219K, capacity 12868K, committed 12928K, reserved 1048576K
Event: 74.213 GC heap after
Heap after GC invocations=30 (full 6):
 PSYoungGen      total 534528K, used 98795K [0x00000000d5580000, 0x0000000100000000, 0x0000000100000000)
  eden space 435712K, 0% used [0x00000000d5580000,0x00000000d5580000,0x00000000eff00000)
  from space 98816K, 99% used [0x00000000f9f80000,0x00000000ffffae40,0x0000000100000000)
  to   space 131584K, 0% used [0x00000000eff00000,0x00000000eff00000,0x00000000f7f80000)
 ParOldGen       total 365056K, used 300049K [0x0000000080000000, 0x0000000096480000, 0x00000000d5580000)
  object space 365056K, 82% used [0x0000000080000000,0x0000000092504758,0x0000000096480000)
 Metaspace       used 96595K, capacity 99464K, committed 99712K, reserved 1136640K
  class space    used 12219K, capacity 12868K, committed 12928K, reserved 1048576K
}
Event: 75.071 GC heap before
{Heap before GC invocations=31 (full 6):
 PSYoungGen      total 534528K, used 534507K [0x00000000d5580000, 0x0000000100000000, 0x0000000100000000)
  eden space 435712K, 100% used [0x00000000d5580000,0x00000000eff00000,0x00000000eff00000)
  from space 98816K, 99% used [0x00000000f9f80000,0x00000000ffffae40,0x0000000100000000)
  to   space 131584K, 0% used [0x00000000eff00000,0x00000000eff00000,0x00000000f7f80000)
 ParOldGen       total 365056K, used 300049K [0x0000000080000000, 0x0000000096480000, 0x00000000d5580000)
  object space 365056K, 82% used [0x0000000080000000,0x0000000092504758,0x0000000096480000)
 Metaspace       used 96596K, capacity 99464K, committed 99712K, reserved 1136640K
  class space    used 12219K, capacity 12868K, committed 12928K, reserved 1048576K
Event: 75.306 GC heap after
Heap after GC invocations=31 (full 6):
 PSYoungGen      total 567296K, used 131553K [0x00000000d5580000, 0x0000000100000000, 0x0000000100000000)
  eden space 435712K, 0% used [0x00000000d5580000,0x00000000d5580000,0x00000000eff00000)
  from space 131584K, 99% used [0x00000000eff00000,0x00000000f7f78408,0x00000000f7f80000)
  to   space 131584K, 0% used [0x00000000f7f80000,0x00000000f7f80000,0x0000000100000000)
 ParOldGen       total 441344K, used 440923K [0x0000000080000000, 0x000000009af00000, 0x00000000d5580000)
  object space 441344K, 99% used [0x0000000080000000,0x000000009ae96dc8,0x000000009af00000)
 Metaspace       used 96596K, capacity 99464K, committed 99712K, reserved 1136640K
  class space    used 12219K, capacity 12868K, committed 12928K, reserved 1048576K
}
Event: 75.306 GC heap before
{Heap before GC invocations=32 (full 7):
 PSYoungGen      total 567296K, used 131553K [0x00000000d5580000, 0x0000000100000000, 0x0000000100000000)
  eden space 435712K, 0% used [0x00000000d5580000,0x00000000d5580000,0x00000000eff00000)
  from space 131584K, 99% used [0x00000000eff00000,0x00000000f7f78408,0x00000000f7f80000)
  to   space 131584K, 0% used [0x00000000f7f80000,0x00000000f7f80000,0x0000000100000000)
 ParOldGen       total 441344K, used 440923K [0x0000000080000000, 0x000000009af00000, 0x00000000d5580000)
  object space 441344K, 99% used [0x0000000080000000,0x000000009ae96dc8,0x000000009af00000)
 Metaspace       used 96596K, capacity 99464K, committed 99712K, reserved 1136640K
  class space    used 12219K, capacity 12868K, committed 12928K, reserved 1048576K
Event: 76.682 GC heap after
Heap after GC invocations=32 (full 7):
 PSYoungGen      total 567296K, used 117288K [0x00000000d5580000, 0x0000000100000000, 0x0000000100000000)
  eden space 435712K, 0% used [0x00000000d5580000,0x00000000d5580000,0x00000000eff00000)
  from space 131584K, 89% used [0x00000000eff00000,0x00000000f718a0a0,0x00000000f7f80000)
  to   space 131584K, 0% used [0x00000000f7f80000,0x00000000f7f80000,0x0000000100000000)
 ParOldGen       total 632832K, used 440946K [0x0000000080000000, 0x00000000a6a00000, 0x00000000d5580000)
  object space 632832K, 69% used [0x0000000080000000,0x000000009ae9caa0,0x00000000a6a00000)
 Metaspace       used 96596K, capacity 99464K, committed 99712K, reserved 1136640K
  class space    used 12219K, capacity 12868K, committed 12928K, reserved 1048576K
}
Event: 77.884 GC heap before
{Heap before GC invocations=33 (full 7):
 PSYoungGen      total 567296K, used 553000K [0x00000000d5580000, 0x0000000100000000, 0x0000000100000000)
  eden space 435712K, 100% used [0x00000000d5580000,0x00000000eff00000,0x00000000eff00000)
  from space 131584K, 89% used [0x00000000eff00000,0x00000000f718a0a0,0x00000000f7f80000)
  to   space 131584K, 0% used [0x00000000f7f80000,0x00000000f7f80000,0x0000000100000000)
 ParOldGen       total 632832K, used 440946K [0x0000000080000000, 0x00000000a6a00000, 0x00000000d5580000)
  object space 632832K, 69% used [0x0000000080000000,0x000000009ae9caa0,0x00000000a6a00000)
 Metaspace       used 96596K, capacity 99464K, committed 99712K, reserved 1136640K
  class space    used 12219K, capacity 12868K, committed 12928K, reserved 1048576K
Event: 78.625 GC heap after
Heap after GC invocations=33 (full 7):
 PSYoungGen      total 364544K, used 131563K [0x00000000d5580000, 0x0000000100000000, 0x0000000100000000)
  eden space 232960K, 0% used [0x00000000d5580000,0x00000000d5580000,0x00000000e3900000)
  from space 131584K, 99% used [0x00000000f7f80000,0x00000000ffffac88,0x0000000100000000)
  to   space 232960K, 0% used [0x00000000e3900000,0x00000000e3900000,0x00000000f1c80000)
 ParOldGen       total 632832K, used 523375K [0x0000000080000000, 0x00000000a6a00000, 0x00000000d5580000)
  object space 632832K, 82% used [0x0000000080000000,0x000000009ff1bdd8,0x00000000a6a00000)
 Metaspace       used 96596K, capacity 99464K, committed 99712K, reserved 1136640K
  class space    used 12219K, capacity 12868K, committed 12928K, reserved 1048576K
}
Event: 78.625 GC heap before
{Heap before GC invocations=34 (full 8):
 PSYoungGen      total 364544K, used 131563K [0x00000000d5580000, 0x0000000100000000, 0x0000000100000000)
  eden space 232960K, 0% used [0x00000000d5580000,0x00000000d5580000,0x00000000e3900000)
  from space 131584K, 99% used [0x00000000f7f80000,0x00000000ffffac88,0x0000000100000000)
  to   space 232960K, 0% used [0x00000000e3900000,0x00000000e3900000,0x00000000f1c80000)
 ParOldGen       total 632832K, used 523375K [0x0000000080000000, 0x00000000a6a00000, 0x00000000d5580000)
  object space 632832K, 82% used [0x0000000080000000,0x000000009ff1bdd8,0x00000000a6a00000)
 Metaspace       used 96596K, capacity 99464K, committed 99712K, reserved 1136640K
  class space    used 12219K, capacity 12868K, committed 12928K, reserved 1048576K

