# JRE version: Java(TM) SE Runtime Environment (8.0_161-b12) (build 1.8.0_161-b12)
# Java VM: Java HotSpot(TM) 64-Bit Server VM (25.161-b12 mixed mode linux-amd64 compressed oops)
Heap:
 PSYoungGen      total 178176K, used 14828K [0x00000000d5580000, 0x00000000e1200000, 0x0000000100000000)
  eden space 163328K, 0% used [0x00000000d5580000,0x00000000d5580000,0x00000000df500000)
  from space 14848K, 99% used [0x00000000df500000,0x00000000e037b308,0x00000000e0380000)
  to   space 11776K, 0% used [0x00000000e0680000,0x00000000e0680000,0x00000000e1200000)
 ParOldGen       total 54272K, used 26070K [0x0000000080000000, 0x0000000083500000, 0x00000000d5580000)
  object space 54272K, 48% used [0x0000000080000000,0x0000000081975b10,0x0000000083500000)
 Metaspace       used 53210K, capacity 54760K, committed 55088K, reserved 1097728K
  class space    used 7347K, capacity 7679K, committed 7728K, reserved 1048576K
GC Heap History (10 events):
Event: 6.981 GC heap after
Heap after GC invocations=8 (full 1):
 PSYoungGen      total 130048K, used 10223K [0x00000000d5580000, 0x00000000de480000, 0x0000000100000000)
  eden space 119808K, 0% used [0x00000000d5580000,0x00000000d5580000,0x00000000dca80000)
  from space 10240K, 99% used [0x00000000dce80000,0x00000000dd87be38,0x00000000dd880000)
  to   space 12288K, 0% used [0x00000000dd880000,0x00000000dd880000,0x00000000de480000)
 ParOldGen       total 47104K, used 15730K [0x0000000080000000, 0x0000000082e00000, 0x00000000d5580000)
  object space 47104K, 33% used [0x0000000080000000,0x0000000080f5c9d8,0x0000000082e00000)
 Metaspace       used 34525K, capacity 35142K, committed 35376K, reserved 1079296K
  class space    used 4821K, capacity 5065K, committed 5168K, reserved 1048576K
}
Event: 7.064 GC heap before
{Heap before GC invocations=9 (full 1):
 PSYoungGen      total 130048K, used 16706K [0x00000000d5580000, 0x00000000de480000, 0x0000000100000000)
  eden space 119808K, 5% used [0x00000000d5580000,0x00000000d5bd4c90,0x00000000dca80000)
  from space 10240K, 99% used [0x00000000dce80000,0x00000000dd87be38,0x00000000dd880000)
  to   space 12288K, 0% used [0x00000000dd880000,0x00000000dd880000,0x00000000de480000)
 ParOldGen       total 47104K, used 15730K [0x0000000080000000, 0x0000000082e00000, 0x00000000d5580000)
  object space 47104K, 33% used [0x0000000080000000,0x0000000080f5c9d8,0x0000000082e00000)
 Metaspace       used 34784K, capacity 35302K, committed 35496K, reserved 1079296K
  class space    used 4870K, capacity 5097K, committed 5168K, reserved 1048576K
Event: 7.080 GC heap after
Heap after GC invocations=9 (full 1):
 PSYoungGen      total 134144K, used 6432K [0x00000000d5580000, 0x00000000e3000000, 0x0000000100000000)
  eden space 121856K, 0% used [0x00000000d5580000,0x00000000d5580000,0x00000000dcc80000)
  from space 12288K, 52% used [0x00000000dd880000,0x00000000ddec8000,0x00000000de480000)
  to   space 12288K, 0% used [0x00000000dcc80000,0x00000000dcc80000,0x00000000dd880000)
 ParOldGen       total 47104K, used 15738K [0x0000000080000000, 0x0000000082e00000, 0x00000000d5580000)
  object space 47104K, 33% used [0x0000000080000000,0x0000000080f5e9d8,0x0000000082e00000)
 Metaspace       used 34784K, capacity 35302K, committed 35496K, reserved 1079296K
  class space    used 4870K, capacity 5097K, committed 5168K, reserved 1048576K
}
Event: 7.080 GC heap before
{Heap before GC invocations=10 (full 2):
 PSYoungGen      total 134144K, used 6432K [0x00000000d5580000, 0x00000000e3000000, 0x0000000100000000)
  eden space 121856K, 0% used [0x00000000d5580000,0x00000000d5580000,0x00000000dcc80000)
  from space 12288K, 52% used [0x00000000dd880000,0x00000000ddec8000,0x00000000de480000)
  to   space 12288K, 0% used [0x00000000dcc80000,0x00000000dcc80000,0x00000000dd880000)
 ParOldGen       total 47104K, used 15738K [0x0000000080000000, 0x0000000082e00000, 0x00000000d5580000)
  object space 47104K, 33% used [0x0000000080000000,0x0000000080f5e9d8,0x0000000082e00000)
 Metaspace       used 34784K, capacity 35302K, committed 35496K, reserved 1079296K
  class space    used 4870K, capacity 5097K, committed 5168K, reserved 1048576K
Event: 7.152 GC heap after
Heap after GC invocations=10 (full 2):
 PSYoungGen      total 134144K, used 0K [0x00000000d5580000, 0x00000000e3000000, 0x0000000100000000)
  eden space 121856K, 0% used [0x00000000d5580000,0x00000000d5580000,0x00000000dcc80000)
  from space 12288K, 0% used [0x00000000dd880000,0x00000000dd880000,0x00000000de480000)
  to   space 12288K, 0% used [0x00000000dcc80000,0x00000000dcc80000,0x00000000dd880000)
 ParOldGen       total 54272K, used 13140K [0x0000000080000000, 0x0000000083500000, 0x00000000d5580000)
  object space 54272K, 24% used [0x0000000080000000,0x0000000080cd5110,0x0000000083500000)
 Metaspace       used 34784K, capacity 35302K, committed 35496K, reserved 1079296K
  class space    used 4870K, capacity 5097K, committed 5168K, reserved 1048576K
}
Event: 8.363 GC heap before
{Heap before GC invocations=11 (full 2):
 PSYoungGen      total 134144K, used 121856K [0x00000000d5580000, 0x00000000e3000000, 0x0000000100000000)
  eden space 121856K, 100% used [0x00000000d5580000,0x00000000dcc80000,0x00000000dcc80000)
  from space 12288K, 0% used [0x00000000dd880000,0x00000000dd880000,0x00000000de480000)
  to   space 12288K, 0% used [0x00000000dcc80000,0x00000000dcc80000,0x00000000dd880000)
 ParOldGen       total 54272K, used 13140K [0x0000000080000000, 0x0000000083500000, 0x00000000d5580000)
  object space 54272K, 24% used [0x0000000080000000,0x0000000080cd5110,0x0000000083500000)
 Metaspace       used 39962K, capacity 40714K, committed 41008K, reserved 1085440K
  class space    used 5552K, capacity 5831K, committed 5936K, reserved 1048576K
Event: 8.382 GC heap after
Heap after GC invocations=11 (full 2):
 PSYoungGen      total 134144K, used 11946K [0x00000000d5580000, 0x00000000e1400000, 0x0000000100000000)
  eden space 121856K, 0% used [0x00000000d5580000,0x00000000d5580000,0x00000000dcc80000)
  from space 12288K, 97% used [0x00000000dcc80000,0x00000000dd82a810,0x00000000dd880000)
  to   space 13824K, 0% used [0x00000000e0680000,0x00000000e0680000,0x00000000e1400000)
 ParOldGen       total 54272K, used 13148K [0x0000000080000000, 0x0000000083500000, 0x00000000d5580000)
  object space 54272K, 24% used [0x0000000080000000,0x0000000080cd7110,0x0000000083500000)
 Metaspace       used 39962K, capacity 40714K, committed 41008K, reserved 1085440K
  class space    used 5552K, capacity 5831K, committed 5936K, reserved 1048576K
}
Event: 10.383 GC heap before
{Heap before GC invocations=12 (full 2):
 PSYoungGen      total 134144K, used 133802K [0x00000000d5580000, 0x00000000e1400000, 0x0000000100000000)
  eden space 121856K, 100% used [0x00000000d5580000,0x00000000dcc80000,0x00000000dcc80000)
  from space 12288K, 97% used [0x00000000dcc80000,0x00000000dd82a810,0x00000000dd880000)
  to   space 13824K, 0% used [0x00000000e0680000,0x00000000e0680000,0x00000000e1400000)
 ParOldGen       total 54272K, used 13148K [0x0000000080000000, 0x0000000083500000, 0x00000000d5580000)
  object space 54272K, 24% used [0x0000000080000000,0x0000000080cd7110,0x0000000083500000)
 Metaspace       used 44826K, capacity 45674K, committed 46000K, reserved 1089536K
  class space    used 6178K, capacity 6473K, committed 6576K, reserved 1048576K
Event: 10.398 GC heap after
Heap after GC invocations=12 (full 2):
 PSYoungGen      total 175104K, used 10735K [0x00000000d5580000, 0x00000000e1200000, 0x0000000100000000)
  eden space 163328K, 0% used [0x00000000d5580000,0x00000000d5580000,0x00000000df500000)
  from space 11776K, 91% used [0x00000000e0680000,0x00000000e10fbe20,0x00000000e1200000)
  to   space 14848K, 0% used [0x00000000df500000,0x00000000df500000,0x00000000e0380000)
 ParOldGen       total 54272K, used 13220K [0x0000000080000000, 0x0000000083500000, 0x00000000d5580000)
  object space 54272K, 24% used [0x0000000080000000,0x0000000080ce9120,0x0000000083500000)
 Metaspace       used 44826K, capacity 45674K, committed 46000K, reserved 1089536K
  class space    used 6178K, capacity 6473K, committed 6576K, reserved 1048576K
}
Event: 14.529 GC heap before
{Heap before GC invocations=13 (full 2):
 PSYoungGen      total 175104K, used 174063K [0x00000000d5580000, 0x00000000e1200000, 0x0000000100000000)
  eden space 163328K, 100% used [0x00000000d5580000,0x00000000df500000,0x00000000df500000)
  from space 11776K, 91% used [0x00000000e0680000,0x00000000e10fbe20,0x00000000e1200000)
  to   space 14848K, 0% used [0x00000000df500000,0x00000000df500000,0x00000000e0380000)
 ParOldGen       total 54272K, used 13220K [0x0000000080000000, 0x0000000083500000, 0x00000000d5580000)
  object space 54272K, 24% used [0x0000000080000000,0x0000000080ce9120,0x0000000083500000)
 Metaspace       used 53210K, capacity 54760K, committed 55088K, reserved 1097728K
  class space    used 7347K, capacity 7679K, committed 7728K, reserved 1048576K

